2024-11-08 12:29:47,731 - utils.logging_utils - INFO - Обработка папки: img начиная с индекса 51038
2024-11-08 12:29:47,734 - utils.logging_utils - WARNING - В папке не найдено файлов
2024-11-08 12:29:47,735 - utils.logging_utils - INFO - Processing completed successfully
2024-11-08 12:36:18,846 - utils.logging_utils - INFO - Обработка папки: img начиная с индекса 51038
2024-11-08 12:36:18,848 - utils.logging_utils - WARNING - В папке не найдено файлов
2024-11-08 12:36:18,849 - utils.logging_utils - INFO - Processing completed successfully
2024-11-08 12:42:09,595 - utils.logging_utils - INFO - Найдены следующие поддиректории: augmented_images, original_images
2024-11-08 12:42:12,177 - utils.logging_utils - ERROR - Произошла ошибка: string indices must be integers
2024-11-08 12:43:31,145 - utils.logging_utils - INFO - Найдены следующие поддиректории: augmented_images, original_images
2024-11-08 12:43:33,626 - utils.logging_utils - INFO - Найден существующий проект: augmented_images (ID: 77)
2024-11-08 12:43:33,627 - utils.logging_utils - INFO - Найден существующий проект: augmented_images (ID: 77)
2024-11-08 12:44:40,052 - utils.logging_utils - INFO - Найдено 93250 файлов для загрузки в проект 77
2024-11-08 12:44:40,054 - utils.logging_utils - INFO - Загрузка файла 1/93250: aug1_render_00000_1.png
2024-11-08 12:44:50,351 - utils.logging_utils - INFO - Uploaded image D:\0_filesys\3_Library\0_Project\CNN_AntiDrone\DS_drone\Struct\img\augmented_images\aug1_render_00000_1.png to project 77
2024-11-08 12:44:50,353 - utils.logging_utils - INFO - Загрузка файла 2/93250: aug1_render_00000_2.png
2024-11-08 13:01:17,444 - utils.logging_utils - INFO - Начало удаления изображений из проекта 73
2024-11-08 13:01:20,788 - utils.logging_utils - ERROR - Error: list indices must be integers or slices, not str. Attempt 1 of 1500
2024-11-08 13:01:20,789 - utils.logging_utils - INFO - Retrying in 0.5 seconds
2024-11-08 13:01:23,685 - utils.logging_utils - ERROR - Error: list indices must be integers or slices, not str. Attempt 2 of 1500
2024-11-08 13:01:23,686 - utils.logging_utils - INFO - Retrying in 0.5 seconds
2024-11-08 13:01:26,618 - utils.logging_utils - ERROR - Error: list indices must be integers or slices, not str. Attempt 3 of 1500
2024-11-08 13:01:26,619 - utils.logging_utils - INFO - Retrying in 0.5 seconds
2024-11-08 13:01:29,512 - utils.logging_utils - ERROR - Error: list indices must be integers or slices, not str. Attempt 4 of 1500
2024-11-08 13:01:29,513 - utils.logging_utils - INFO - Retrying in 0.5 seconds
2024-11-08 13:02:11,044 - utils.logging_utils - INFO - Начало удаления изображений из проекта 73
2024-11-08 13:02:13,463 - utils.logging_utils - ERROR - Error: list indices must be integers or slices, not str. Attempt 1 of 1500
2024-11-08 13:02:13,464 - utils.logging_utils - INFO - Retrying in 1 seconds
2024-11-08 13:02:16,886 - utils.logging_utils - ERROR - Error: list indices must be integers or slices, not str. Attempt 2 of 1500
2024-11-08 13:02:16,886 - utils.logging_utils - INFO - Retrying in 1 seconds
2024-11-08 13:02:20,247 - utils.logging_utils - ERROR - Error: list indices must be integers or slices, not str. Attempt 3 of 1500
2024-11-08 13:02:20,248 - utils.logging_utils - INFO - Retrying in 1 seconds
2024-11-08 13:03:55,865 - utils.logging_utils - INFO - Начало удаления изображений из проекта 73
2024-11-08 13:03:58,111 - utils.logging_utils - ERROR - Произошла ошибка: unhashable type: 'slice'
2024-11-08 13:05:17,627 - utils.logging_utils - INFO - Начало удаления изображений из проекта 73
2024-11-08 13:05:19,867 - utils.logging_utils - INFO - Удаление 2 изображений из проекта 73
2024-11-08 13:05:23,332 - utils.logging_utils - INFO - Удалено изображение (ID: 4) из проекта 73
2024-11-08 13:05:23,334 - utils.logging_utils - INFO - Удалено изображение неизвестный файл из проекта 73
2024-11-08 13:05:26,555 - utils.logging_utils - INFO - Удалено изображение (ID: 5) из проекта 73
2024-11-08 13:05:26,557 - utils.logging_utils - INFO - Удалено изображение неизвестный файл из проекта 73
2024-11-08 13:05:26,558 - utils.logging_utils - INFO - Обработка успешно завершена
2024-11-08 13:06:06,328 - utils.logging_utils - INFO - Начало удаления изображений из проекта 73
2024-11-08 13:06:08,569 - utils.logging_utils - INFO - Удаление 2 изображений из проекта 73
2024-11-08 13:06:11,782 - utils.logging_utils - INFO - Удалено изображение (ID: 10) из проекта 73
2024-11-08 13:06:11,784 - utils.logging_utils - INFO - Удалено изображение неизвестный файл из проекта 73
2024-11-08 13:06:15,051 - utils.logging_utils - INFO - Удалено изображение (ID: 11) из проекта 73
2024-11-08 13:06:15,052 - utils.logging_utils - INFO - Удалено изображение неизвестный файл из проекта 73
2024-11-08 13:06:15,053 - utils.logging_utils - INFO - Обработка успешно завершена
2024-11-08 13:06:46,717 - utils.logging_utils - INFO - Начало удаления изображений из проекта 77
2024-11-08 13:06:49,375 - utils.logging_utils - INFO - Удаление 2 изображений из проекта 77
2024-11-08 13:06:52,138 - utils.logging_utils - INFO - Удалено изображение (ID: 110) из проекта 77
2024-11-08 13:06:52,140 - utils.logging_utils - INFO - Удалено изображение неизвестный файл из проекта 77
2024-11-08 13:06:54,963 - utils.logging_utils - INFO - Удалено изображение (ID: 111) из проекта 77
2024-11-08 13:06:54,965 - utils.logging_utils - INFO - Удалено изображение неизвестный файл из проекта 77
2024-11-08 13:06:54,966 - utils.logging_utils - INFO - Обработка успешно завершена
2024-11-08 13:20:24,319 - utils.logging_utils - WARNING - В папке не найдено файлов
2024-11-08 13:20:24,321 - utils.logging_utils - INFO - Обработка успешно завершена
2024-11-08 13:26:55,731 - utils.logging_utils - INFO - Найдены следующие поддиректории: augmented_images, original_images
2024-11-08 13:27:15,774 - utils.logging_utils - INFO - Найден существующий проект: augmented_images (ID: 77)
2024-11-08 13:27:18,381 - utils.logging_utils - INFO - В проекте augmented_images уже загружено 100 изображений
2024-11-08 13:27:18,382 - utils.logging_utils - INFO - Продолжение загрузки augmented_images с индекса 100
2024-11-08 13:27:18,383 - utils.logging_utils - INFO - Будет загружено 93150 новых изображений из augmented_images
2024-11-08 13:27:18,386 - utils.logging_utils - INFO - Загрузка файла 101/93250: aug1_render_00020_1.png
2024-11-08 13:27:27,867 - utils.logging_utils - INFO - Uploaded image D:\0_filesys\3_Library\0_Project\CNN_AntiDrone\DS_drone\Struct\img\augmented_images\aug1_render_00020_1.png to project 77
2024-11-08 13:27:27,869 - utils.logging_utils - INFO - Загрузка файла 102/93250: aug1_render_00020_2.png
2024-11-08 13:27:37,110 - utils.logging_utils - INFO - Uploaded image D:\0_filesys\3_Library\0_Project\CNN_AntiDrone\DS_drone\Struct\img\augmented_images\aug1_render_00020_2.png to project 77
2024-11-08 13:27:37,113 - utils.logging_utils - INFO - Загрузка файла 103/93250: aug1_render_00020_3.png
2024-11-08 13:28:52,935 - utils.logging_utils - INFO - Начало удаления изображений из проекта 77
2024-11-08 13:28:55,567 - utils.logging_utils - INFO - Удаление 100 изображений из проекта 77
2024-11-08 13:28:58,308 - utils.logging_utils - INFO - Удалено изображение (ID: 12) из проекта 77
2024-11-08 13:28:58,310 - utils.logging_utils - INFO - Удалено изображение неизвестный файл из проекта 77
2024-11-08 13:29:01,210 - utils.logging_utils - INFO - Удалено изображение (ID: 13) из проекта 77
2024-11-08 13:29:01,211 - utils.logging_utils - INFO - Удалено изображение неизвестный файл из проекта 77
2024-11-08 13:29:03,957 - utils.logging_utils - INFO - Удалено изображение (ID: 14) из проекта 77
2024-11-08 13:29:03,959 - utils.logging_utils - INFO - Удалено изображение неизвестный файл из проекта 77
2024-11-08 13:29:06,709 - utils.logging_utils - INFO - Удалено изображение (ID: 15) из проекта 77
2024-11-08 13:29:06,710 - utils.logging_utils - INFO - Удалено изображение неизвестный файл из проекта 77
2024-11-08 13:29:09,612 - utils.logging_utils - INFO - Удалено изображение (ID: 16) из проекта 77
2024-11-08 13:29:09,614 - utils.logging_utils - INFO - Удалено изображение неизвестный файл из проекта 77
